[2019-04-18T14:07:15.480] [INFO] default - 用户登录参数： { username: 'ljfslf', password: 'fsfs' }
[2019-04-18T14:07:15.490] [INFO] default - 用户不存在
[2019-04-18T14:07:17.233] [INFO] default - 用户登录参数： { username: 'ljfslf', password: 'fsfs' }
[2019-04-18T14:07:17.234] [INFO] default - 用户不存在
[2019-04-18T14:07:18.618] [INFO] default - 用户登录参数： { username: 'ljfslf', password: 'fsfs' }
[2019-04-18T14:07:18.620] [INFO] default - 用户不存在
[2019-04-18T14:07:19.325] [INFO] default - 用户登录参数： { username: 'ljfslf', password: 'fsfs' }
[2019-04-18T14:07:19.326] [INFO] default - 用户不存在
[2019-04-18T14:07:35.395] [INFO] default - 用户登录参数： { username: 'shuaijun.zhang', password: '123456' }
[2019-04-18T14:07:35.453] [INFO] default - 获取用户列表的参数： {}
[2019-04-18T14:07:40.088] [INFO] default - 获取用户列表的参数： {}
[2019-04-18T14:07:41.631] [INFO] default - 获取用户列表的参数： {}
[2019-04-18T14:08:28.324] [INFO] default - 获取用户列表的参数： {}
[2019-04-18T15:19:30.870] [INFO] default - 获取书籍列表的参数： {}
[2019-04-18T15:19:33.778] [INFO] default - 获取用户列表的参数： {}
[2019-04-18T15:19:35.442] [INFO] default - 获取借阅列表的参数： { user: '5cadc7a6fc0e55294c70d611', state: '0' }
[2019-04-18T15:19:36.965] [INFO] default - 获取用户列表的参数： {}
[2019-04-18T15:19:38.601] [INFO] default - 获取书籍列表的参数： {}
[2019-04-18T15:19:39.375] [INFO] default - 获取借阅列表的参数： { user: '5cadc7a6fc0e55294c70d611', state: '0' }
[2019-04-18T15:19:40.042] [INFO] default - 获取书籍列表的参数： {}
[2019-04-18T15:19:40.633] [INFO] default - 获取用户列表的参数： {}
[2019-04-18T15:19:41.236] [INFO] default - 获取书籍列表的参数： {}
[2019-04-18T15:19:42.005] [INFO] default - 获取借阅列表的参数： { user: '5cadc7a6fc0e55294c70d611', state: '0' }
[2019-04-18T15:26:03.303] [INFO] default - 获取借阅列表的参数： { user: '5cadc7a6fc0e55294c70d611', state: '0' }
[2019-04-18T15:26:35.802] [INFO] default - 获取书籍列表的参数： {}
[2019-04-18T15:26:40.616] [INFO] default - 获取借阅列表的参数： { user: '5cadc7a6fc0e55294c70d611', state: '0' }
[2019-04-18T15:26:45.692] [INFO] default - 获取书籍列表的参数： {}
[2019-04-18T15:26:46.590] [INFO] default - 获取用户列表的参数： {}
[2019-04-18T15:27:07.863] [INFO] default - 获取用户列表的参数： {}
[2019-04-18T15:30:28.943] [INFO] default - 获取书籍列表的参数： {}
[2019-04-18T15:30:29.963] [INFO] default - 获取借阅列表的参数： { user: '5cadc7a6fc0e55294c70d611', state: '0' }
[2019-04-18T15:30:30.634] [INFO] default - 获取用户列表的参数： {}
[2019-04-18T15:33:41.813] [INFO] default - 获取用户列表的参数： {}
[2019-04-18T15:37:08.093] [INFO] default - 获取用户列表的参数： {}
[2019-04-18T15:37:30.411] [INFO] default - 获取用户列表的参数： {}
[2019-04-18T15:37:33.565] [INFO] default - 获取书籍列表的参数： {}
[2019-04-18T15:37:35.184] [INFO] default - 获取借阅列表的参数： { user: '5cadc7a6fc0e55294c70d611', state: '0' }
[2019-04-18T15:37:39.809] [INFO] default - 获取书籍列表的参数： {}
[2019-04-18T15:37:42.119] [INFO] default - 获取借阅列表的参数： { book: '5cb420b6a7b8c50c7cb005a7', state: '0' }
[2019-04-18T15:37:46.001] [INFO] default - 获取书籍列表的参数： {}
[2019-04-18T15:37:47.159] [INFO] default - 获取借阅列表的参数： { user: '5cadc7a6fc0e55294c70d611', state: '0' }
[2019-04-18T15:37:48.023] [INFO] default - 获取用户列表的参数： {}
[2019-04-18T15:37:55.510] [INFO] default - 获取用户列表的参数： {}
[2019-04-18T15:37:57.826] [INFO] default - 获取借阅列表的参数： { user: '5cadc7a6fc0e55294c70d611', state: '0' }
[2019-04-18T15:37:59.198] [INFO] default - 获取书籍列表的参数： {}
[2019-04-18T15:38:41.330] [INFO] default - 获取用户列表的参数： {}
[2019-04-18T15:39:53.922] [INFO] default - 获取用户列表的参数： {}
[2019-04-18T15:42:50.292] [INFO] default - 获取用户列表的参数： {}
[2019-04-18T15:45:58.030] [INFO] default - 获取用户列表的参数： {}
[2019-04-18T15:54:39.362] [INFO] default - 获取用户列表的参数： {}
[2019-04-18T15:55:02.958] [INFO] default - 用户登录参数： { username: 'shuaijun.zhang', password: '123456' }
[2019-04-18T15:55:03.029] [INFO] default - 获取用户列表的参数： {}
[2019-04-18T15:56:59.923] [INFO] default - 获取用户列表的参数： {}
[2019-04-18T15:58:15.498] [INFO] default - 获取用户列表的参数： {}
[2019-04-18T15:58:31.094] [INFO] default - 用户登录参数： { username: 'shuaijun.zhang', password: '123456' }
[2019-04-18T15:58:31.162] [INFO] default - 获取用户列表的参数： {}
[2019-04-18T15:58:59.617] [INFO] default - 获取用户列表的参数： {}
[2019-04-18T15:59:02.501] [INFO] default - 获取用户列表的参数： {}
[2019-04-18T15:59:35.751] [INFO] default - 用户登录参数： { username: 'shuaijun.zhang', password: '123456' }
[2019-04-18T15:59:35.827] [INFO] default - 获取用户列表的参数： {}
[2019-04-18T15:59:38.125] [INFO] default - 获取用户列表的参数： {}
[2019-04-18T15:59:45.523] [INFO] default - 获取用户列表的参数： {}
[2019-04-18T16:00:01.191] [INFO] default - 获取用户列表的参数： {}
[2019-04-18T16:00:36.198] [INFO] default - 用户登录参数： { username: 'shuaijun.zhang', password: '123456' }
[2019-04-18T16:00:36.251] [INFO] default - 获取用户列表的参数： {}
[2019-04-18T16:00:43.918] [INFO] default - 获取用户列表的参数： {}
[2019-04-18T16:00:47.389] [INFO] default - 获取用户列表的参数： {}
[2019-04-18T16:00:48.985] [INFO] default - 获取用户列表的参数： {}
[2019-04-18T16:01:24.572] [INFO] default - 获取用户列表的参数： {}
[2019-04-18T16:01:27.810] [INFO] default - 获取用户列表的参数： {}
[2019-04-18T16:01:30.913] [INFO] default - 获取用户列表的参数： {}
[2019-04-18T16:01:50.051] [INFO] default - 用户登录参数： { username: 'shuaijun.zhang', password: '123456' }
[2019-04-18T16:01:50.109] [INFO] default - 获取用户列表的参数： {}
[2019-04-18T16:01:52.766] [INFO] default - 获取用户列表的参数： {}
[2019-04-18T16:01:55.443] [INFO] default - 获取用户列表的参数： {}
[2019-04-18T16:02:41.484] [INFO] default - 获取用户列表的参数： {}
[2019-04-18T16:02:44.429] [INFO] default - 获取用户列表的参数： {}
[2019-04-18T16:02:47.095] [INFO] default - 获取用户列表的参数： {}
[2019-04-18T16:03:00.010] [INFO] default - 用户登录参数： { username: 'shuaijun.zhang', password: '123456' }
[2019-04-18T16:03:00.066] [INFO] default - 获取用户列表的参数： {}
[2019-04-18T16:03:03.133] [INFO] default - 获取用户列表的参数： {}
[2019-04-18T16:05:10.340] [INFO] default - 用户登录参数： { username: 'shuaijun.zhang', password: '123456' }
[2019-04-18T16:05:10.403] [INFO] default - 获取用户列表的参数： {}
[2019-04-18T16:05:14.577] [INFO] default - 获取用户列表的参数： {}
[2019-04-18T16:05:17.252] [INFO] default - 获取用户列表的参数： {}
[2019-04-18T16:05:19.237] [INFO] default - 获取用户列表的参数： {}
[2019-04-18T16:05:59.373] [INFO] default - 获取用户列表的参数： {}
[2019-04-18T16:06:11.859] [INFO] default - 用户登录参数： { username: 'shuaijun.zhang', password: '123456' }
[2019-04-18T16:06:11.913] [INFO] default - 获取用户列表的参数： {}
[2019-04-18T16:14:17.639] [INFO] default - 获取用户列表的参数： {}
[2019-04-18T16:14:21.833] [INFO] default - 获取用户列表的参数： {}
[2019-04-18T16:14:32.038] [INFO] default - 获取用户列表的参数： {}
[2019-04-18T16:14:36.189] [INFO] default - 获取用户列表的参数： {}
[2019-04-18T16:14:38.789] [INFO] default - 获取用户列表的参数： {}
[2019-04-18T16:15:27.407] [INFO] default - 用户登录参数： { username: 'shuaijun.zhang', password: '123456' }
[2019-04-18T16:15:27.462] [INFO] default - 获取用户列表的参数： {}
[2019-04-18T16:15:31.405] [INFO] default - 获取用户列表的参数： {}
[2019-04-18T16:15:34.396] [INFO] default - 获取用户列表的参数： {}
[2019-04-18T16:15:41.412] [INFO] default - 获取用户列表的参数： {}
[2019-04-18T16:16:08.114] [INFO] default - 获取用户列表的参数： {}
[2019-04-18T16:16:34.562] [INFO] default - 用户登录参数： { username: 'shuaijun.zhang', password: '123456' }
[2019-04-18T16:16:34.616] [INFO] default - 获取用户列表的参数： {}
[2019-04-18T16:16:37.763] [INFO] default - 获取用户列表的参数： {}
[2019-04-18T16:16:40.200] [INFO] default - 获取用户列表的参数： {}
[2019-04-18T16:16:51.656] [INFO] default - 获取用户列表的参数： {}
[2019-04-18T16:16:59.315] [INFO] default - 获取用户列表的参数： {}
[2019-04-18T16:17:01.783] [INFO] default - 获取用户列表的参数： {}
[2019-04-18T16:17:05.647] [INFO] default - 获取用户列表的参数： {}
[2019-04-18T16:25:34.505] [INFO] default - 用户登录参数： { username: 'shuaijun.zhang', password: '123456' }
[2019-04-18T16:25:34.557] [INFO] default - 获取用户列表的参数： {}
[2019-04-18T16:25:56.823] [INFO] default - 用户登录参数： { username: 'shuaijun.zhang', password: '123456' }
[2019-04-18T16:25:56.857] [INFO] default - 获取用户列表的参数： {}
[2019-04-18T16:30:12.001] [INFO] default - 用户登录参数： { username: 'shuaijun.zhang', password: '123456' }
[2019-04-18T16:30:12.073] [INFO] default - 获取用户列表的参数： {}
[2019-04-18T16:31:19.573] [INFO] default - 用户登录参数： { username: 'shuaijun.zhang', password: '123456' }
[2019-04-18T16:31:19.644] [INFO] default - 获取用户列表的参数： {}
[2019-04-18T16:33:57.976] [INFO] default - 用户登录参数： { username: 'shuaijun.zhang', password: '123456' }
[2019-04-18T16:33:58.051] [INFO] default - 获取用户列表的参数： {}
[2019-04-18T16:35:15.334] [INFO] default - 用户登录参数： { username: 'shuaijun.zhang', password: '123456' }
[2019-04-18T16:35:15.410] [INFO] default - 获取用户列表的参数： {}
[2019-04-18T16:35:19.232] [INFO] default - 获取用户列表的参数： {}
[2019-04-18T16:35:21.586] [INFO] default - 获取用户列表的参数： {}
[2019-04-18T16:35:23.839] [INFO] default - 获取用户列表的参数： {}
[2019-04-18T16:35:27.379] [INFO] default - 获取用户列表的参数： {}
[2019-04-18T16:35:30.389] [INFO] default - 获取用户列表的参数： {}
[2019-04-18T16:36:37.729] [INFO] default - 获取用户列表的参数： {}
[2019-04-18T16:38:24.454] [INFO] default - 获取书籍列表的参数： {}
[2019-04-18T16:38:26.648] [INFO] default - 获取书籍列表的参数： {}
[2019-04-18T16:38:28.976] [INFO] default - 获取书籍列表的参数： {}
[2019-04-18T16:38:30.092] [INFO] default - 获取借阅列表的参数： { user: '5cadc7a6fc0e55294c70d611', state: '0' }
[2019-04-18T16:38:31.893] [INFO] default - 获取借阅列表的参数： { user: '5cadc7a6fc0e55294c70d611', state: '0' }
[2019-04-18T16:39:14.006] [INFO] default - 获取借阅列表的参数： { user: '5cadc7a6fc0e55294c70d611', state: '0' }
[2019-04-18T16:39:26.085] [INFO] default - 获取借阅列表的参数： { user: '5cadc7a6fc0e55294c70d611', state: '0' }
[2019-04-18T16:39:39.737] [INFO] default - 用户登录参数： { username: 'shuaijun.zhang', password: '123456' }
[2019-04-18T16:39:39.790] [INFO] default - 获取用户列表的参数： {}
[2019-04-18T16:44:22.659] [INFO] default - 用户登录参数： { username: 'shuaijun.zhang', password: '123456' }
[2019-04-18T16:44:22.729] [INFO] default - 获取用户列表的参数： {}
[2019-04-18T16:51:59.719] [INFO] default - 获取用户列表的参数： {}
[2019-04-18T16:52:30.421] [INFO] default - 获取用户列表的参数： {}
[2019-04-18T16:53:05.436] [INFO] default - 获取用户列表的参数： {}
[2019-04-18T16:53:17.625] [INFO] default - 获取用户列表的参数： {}
[2019-04-18T16:53:27.336] [INFO] default - 获取用户列表的参数： {}
[2019-04-18T16:55:03.840] [INFO] default - 获取用户列表的参数： {}
[2019-04-18T16:56:47.590] [INFO] default - 获取用户列表的参数： {}
[2019-04-18T16:59:12.791] [INFO] default - 获取用户列表的参数： {}
[2019-04-18T16:59:31.431] [INFO] default - 获取用户列表的参数： {}
[2019-04-18T16:59:46.363] [INFO] default - 获取用户列表的参数： {}
[2019-04-18T17:00:14.062] [INFO] default - 获取用户列表的参数： {}
[2019-04-18T17:01:31.625] [INFO] default - 获取用户列表的参数： {}
[2019-04-18T17:01:37.285] [INFO] default - 获取用户列表的参数： {}
[2019-04-18T17:02:44.223] [INFO] default - 获取用户列表的参数： {}
[2019-04-18T17:02:52.330] [INFO] default - 获取用户列表的参数： {}
[2019-04-18T17:02:55.225] [INFO] default - 获取用户列表的参数： {}
[2019-04-18T17:03:12.077] [INFO] default - 获取用户列表的参数： {}
[2019-04-18T17:03:37.736] [INFO] default - 获取用户列表的参数： {}
[2019-04-18T17:03:40.679] [INFO] default - 获取用户列表的参数： {}
[2019-04-18T17:07:59.292] [INFO] default - 获取用户列表的参数： {}
[2019-04-18T17:10:20.058] [INFO] default - 获取用户列表的参数： {}
[2019-04-18T17:13:24.589] [INFO] default - 获取用户列表的参数： {}
[2019-04-18T17:15:23.926] [INFO] default - 获取用户列表的参数： {}
[2019-04-18T17:15:39.924] [INFO] default - 获取用户列表的参数： {}
[2019-04-18T17:38:59.976] [INFO] default - 获取用户列表的参数： {}
[2019-04-18T17:39:47.897] [INFO] default - 获取用户列表的参数： {}
[2019-04-18T17:41:17.270] [INFO] default - 获取用户列表的参数： {}
[2019-04-18T17:41:33.146] [INFO] default - 用户登录参数： { username: 'shuaijun.zhang', password: '123456' }
[2019-04-18T17:41:33.191] [INFO] default - 获取用户列表的参数： {}
[2019-04-18T17:44:13.342] [INFO] default - 获取用户列表的参数： {}
[2019-04-18T17:44:42.183] [INFO] default - 获取用户列表的参数： {}
[2019-04-18T17:45:08.864] [INFO] default - 获取用户列表的参数： {}
[2019-04-18T17:46:15.362] [INFO] default - 获取用户列表的参数： {}
[2019-04-18T17:46:40.101] [INFO] default - 获取用户列表的参数： {}
[2019-04-18T17:47:24.599] [INFO] default - 获取用户列表的参数： {}
[2019-04-18T17:48:29.969] [INFO] default - 获取用户列表的参数： {}
[2019-04-18T17:48:39.568] [INFO] default - 获取用户列表的参数： {}
[2019-04-18T17:49:03.414] [INFO] default - 获取用户列表的参数： {}
[2019-04-18T17:49:44.836] [INFO] default - 获取用户列表的参数： {}
[2019-04-18T17:50:23.699] [INFO] default - 获取用户列表的参数： {}
[2019-04-18T17:50:24.767] [INFO] default - 获取用户列表的参数： {}
[2019-04-18T17:52:18.719] [INFO] default - 获取用户列表的参数： {}
[2019-04-18T17:52:46.410] [INFO] default - 获取用户列表的参数： {}
[2019-04-18T17:54:35.250] [INFO] default - 获取用户列表的参数： {}
[2019-04-18T17:55:38.474] [INFO] default - 获取用户列表的参数： {}
[2019-04-18T17:56:49.494] [INFO] default - 获取用户列表的参数： {}
[2019-04-18T17:57:45.804] [INFO] default - 获取用户列表的参数： {}
[2019-04-18T17:59:55.290] [INFO] default - 获取用户列表的参数： {}
[2019-04-18T17:59:58.104] [INFO] default - 获取用户列表的参数： {}
[2019-04-18T18:00:19.916] [INFO] default - 获取用户列表的参数： {}
[2019-04-18T18:01:09.088] [INFO] default - 获取用户列表的参数： {}
[2019-04-18T18:01:12.433] [INFO] default - 获取用户列表的参数： {}
[2019-04-18T18:03:14.491] [INFO] default - 获取用户列表的参数： {}
[2019-04-18T18:03:17.494] [INFO] default - 获取用户列表的参数： {}
[2019-04-18T18:03:28.172] [INFO] default - 获取用户列表的参数： {}
[2019-04-18T18:03:39.904] [INFO] default - 获取用户列表的参数： {}
[2019-04-18T18:06:41.744] [INFO] default - 获取用户列表的参数： {}
[2019-04-18T18:06:54.434] [INFO] default - 获取用户列表的参数： {}
[2019-04-18T18:08:05.661] [INFO] default - 获取用户列表的参数： {}
[2019-04-18T18:08:17.856] [INFO] default - 获取用户列表的参数： {}
[2019-04-18T18:09:12.433] [INFO] default - 获取用户列表的参数： {}
[2019-04-18T18:09:39.523] [INFO] default - 获取用户列表的参数： {}
[2019-04-18T18:10:40.294] [INFO] default - 获取用户列表的参数： {}
[2019-04-18T18:11:11.608] [INFO] default - 获取用户列表的参数： {}
[2019-04-18T18:11:16.251] [INFO] default - 获取用户列表的参数： {}
[2019-04-18T18:11:33.477] [INFO] default - 获取用户列表的参数： {}
[2019-04-18T18:15:28.168] [INFO] default - 获取用户列表的参数： {}
[2019-04-18T18:15:38.408] [INFO] default - 获取用户列表的参数： {}
[2019-04-18T18:15:56.802] [INFO] default - 获取用户列表的参数： {}
[2019-04-18T18:17:18.763] [INFO] default - 获取用户列表的参数： {}
[2019-04-18T18:17:35.380] [INFO] default - 获取用户列表的参数： {}
[2019-04-18T18:18:56.444] [INFO] default - 获取用户列表的参数： {}
[2019-04-18T18:19:16.136] [INFO] default - 获取用户列表的参数： {}
[2019-04-18T18:20:10.083] [INFO] default - 获取用户列表的参数： {}
[2019-04-18T18:20:14.012] [INFO] default - 获取用户列表的参数： {}
[2019-04-18T18:20:39.702] [INFO] default - 获取用户列表的参数： {}
[2019-04-18T18:23:34.577] [INFO] default - 获取用户列表的参数： {}
[2019-04-18T18:23:36.288] [INFO] default - 获取用户列表的参数： {}
[2019-04-18T18:24:03.113] [INFO] default - 获取用户列表的参数： {}
[2019-04-18T18:24:32.825] [INFO] default - 获取用户列表的参数： {}
[2019-04-18T18:25:06.029] [INFO] default - 获取用户列表的参数： {}
[2019-04-18T19:33:58.654] [INFO] default - 获取用户列表的参数： {}
[2019-04-18T19:34:07.721] [INFO] default - 更改用户密码参数： { _id: '5cadc7a6fc0e55294c70d611',
  password: 'fsf',
  newPassword: 'fsfs',
  confirmPassword: 'fsfs' }
[2019-04-18T19:34:07.724] [INFO] default - 原密码不正确！
[2019-04-18T19:34:27.962] [INFO] default - 获取用户列表的参数： {}
[2019-04-18T19:34:33.453] [INFO] default - 更改用户密码参数： { _id: '5cadc7a6fc0e55294c70d611',
  password: 'fsf',
  newPassword: 'sfs',
  confirmPassword: 'fsf' }
[2019-04-18T19:34:33.456] [INFO] default - 原密码不正确！
[2019-04-18T19:34:35.754] [INFO] default - 更改用户密码参数： { _id: '5cadc7a6fc0e55294c70d611',
  password: 'fsf',
  newPassword: 'sfs',
  confirmPassword: 'fsf' }
[2019-04-18T19:34:35.756] [INFO] default - 原密码不正确！
[2019-04-18T19:34:37.800] [INFO] default - 更改用户密码参数： { _id: '5cadc7a6fc0e55294c70d611',
  password: 'fsf',
  newPassword: 'sfs',
  confirmPassword: 'fsf' }
[2019-04-18T19:34:37.802] [INFO] default - 原密码不正确！
[2019-04-18T19:35:05.862] [INFO] default - 获取用户列表的参数： {}
[2019-04-18T19:35:12.275] [INFO] default - 更改用户密码参数： { _id: '5cadc7a6fc0e55294c70d611',
  password: 'fsf',
  newPassword: 'fsf',
  confirmPassword: 'sfsfs' }
[2019-04-18T19:35:42.862] [INFO] default - 更改用户密码参数： { _id: '5cadc7a6fc0e55294c70d611',
  password: 'fsf',
  newPassword: 'fsf',
  confirmPassword: 'sfsfs' }
[2019-04-18T19:37:01.229] [INFO] default - 获取用户列表的参数： {}
[2019-04-18T19:37:21.680] [INFO] default - 更改用户密码参数： { _id: '5cadc7a6fc0e55294c70d611',
  password: 'fsfs',
  newPassword: '1',
  confirmPassword: '1' }
[2019-04-18T19:37:21.684] [INFO] default - 原密码不正确！
[2019-04-18T19:37:25.085] [INFO] default - 更改用户密码参数： { _id: '5cadc7a6fc0e55294c70d611',
  password: 'fsfs',
  newPassword: '1',
  confirmPassword: '1' }
[2019-04-18T19:37:25.087] [INFO] default - 原密码不正确！
[2019-04-18T19:37:28.580] [INFO] default - 更改用户密码参数： { _id: '5cadc7a6fc0e55294c70d611',
  password: '2323',
  newPassword: '1',
  confirmPassword: '1' }
[2019-04-18T19:37:28.581] [INFO] default - 原密码不正确！
[2019-04-18T19:37:56.908] [INFO] default - 更改用户密码参数： { _id: '5cadc7a6fc0e55294c70d611',
  password: '123456',
  newPassword: '123',
  confirmPassword: '123' }
[2019-04-18T19:38:11.588] [INFO] default - 用户登录参数： { username: 'shuaijun.zhang', password: '123456' }
[2019-04-18T19:38:11.592] [INFO] default - 密码不正确！
[2019-04-18T19:38:14.481] [INFO] default - 用户登录参数： { username: 'shuaijun.zhang', password: '123' }
[2019-04-18T19:38:14.521] [INFO] default - 获取用户列表的参数： {}
[2019-04-18T19:44:15.033] [INFO] default - 更改用户密码参数： { _id: '5cadc7a6fc0e55294c70d611',
  password: '123',
  newPassword: '123456',
  confirmPassword: '123456' }
[2019-04-18T19:49:59.380] [INFO] default - 用户登录参数： { username: 'shuaijun.zhang', password: '123456' }
[2019-04-18T19:49:59.473] [INFO] default - 获取用户列表的参数： {}
[2019-04-18T19:50:21.715] [INFO] default - 更改用户密码参数： { _id: '5cadc7a6fc0e55294c70d611',
  password: '123456',
  newPassword: '123',
  confirmPassword: '123' }
[2019-04-18T19:52:02.451] [INFO] default - 用户登录参数： { username: 'shuaijun.zhang', password: '123' }
[2019-04-18T19:52:02.513] [INFO] default - 获取用户列表的参数： {}
[2019-04-18T19:52:14.264] [INFO] default - 更改用户密码参数： { _id: '5cadc7a6fc0e55294c70d611',
  password: '123456',
  newPassword: '123',
  confirmPassword: '123' }
[2019-04-18T19:52:14.267] [INFO] default - 原密码不正确！
[2019-04-18T19:52:21.654] [INFO] default - 更改用户密码参数： { _id: '5cadc7a6fc0e55294c70d611',
  password: '123',
  newPassword: '1',
  confirmPassword: '1' }
[2019-04-18T20:03:44.945] [INFO] default - 用户登录参数： { username: 'shuaijun.zhang', password: '1' }
[2019-04-18T20:03:45.055] [INFO] default - 获取用户列表的参数： {}
[2019-04-18T20:03:52.465] [INFO] default - 更改用户密码参数： { _id: '5cadc7a6fc0e55294c70d611',
  password: '1',
  newPassword: '12',
  confirmPassword: '12' }
[2019-04-18T20:26:32.946] [INFO] default - 用户登录参数： { username: '177539@HYS', password: '12' }
[2019-04-18T20:26:32.959] [INFO] default - 用户不存在
[2019-04-18T20:26:43.457] [INFO] default - 用户登录参数： { username: 'shuaijun.zhang', password: '12' }
[2019-04-18T20:26:43.535] [INFO] default - 获取用户列表的参数： {}
[2019-04-18T20:26:58.403] [INFO] default - 更改用户密码参数： { _id: '5cadc7a6fc0e55294c70d611',
  password: '12',
  newPassword: '123456',
  confirmPassword: '123456' }
[2019-04-18T20:27:09.469] [INFO] default - 用户登录参数： { username: 'shuaijun.zhang', password: '123456' }
[2019-04-18T20:27:09.514] [INFO] default - 获取用户列表的参数： {}
[2019-04-18T20:27:22.255] [INFO] default - 获取用户列表的参数： {}
[2019-04-18T20:28:21.522] [INFO] default - 获取用户列表的参数： {}
[2019-04-18T20:28:25.300] [INFO] default - 获取用户列表的参数： {}
[2019-04-18T20:28:28.527] [INFO] default - 获取书籍列表的参数： {}
[2019-04-18T20:28:50.552] [INFO] default - 获取书籍列表的参数： {}
[2019-04-18T20:28:52.105] [INFO] default - 获取借阅列表的参数： { user: '5cadc7a6fc0e55294c70d611', state: '0' }
[2019-04-18T20:28:56.364] [INFO] default - 获取书籍列表的参数： {}
[2019-04-18T20:29:00.058] [INFO] default - 获取借阅列表的参数： { book: '5cb420b6a7b8c50c7cb005a7', state: '0' }
[2019-04-18T20:29:01.871] [INFO] default - 获取借阅列表的参数： { book: '5cb420c1a7b8c50c7cb005a8', state: '0' }
[2019-04-18T20:29:01.924] [INFO] default - 获取书籍实例的参数： { _id: '5cb420c1a7b8c50c7cb005a8' }
[2019-04-18T20:29:46.999] [INFO] default - 获取书籍列表的参数： {}
[2019-04-18T20:29:51.500] [INFO] default - 获取借阅列表的参数： { user: '5cadc7a6fc0e55294c70d611', state: '0' }
[2019-04-18T20:29:54.065] [INFO] default - 获取书籍实例的参数： { _id: '5cb420b6a7b8c50c7cb005a7' }
[2019-04-18T20:30:07.656] [INFO] default - 获取书籍列表的参数： {}
[2019-04-18T20:30:12.722] [INFO] default - 获取借阅列表的参数： { user: '5cadc7a6fc0e55294c70d611', state: '0' }
[2019-04-18T20:30:14.429] [INFO] default - 获取书籍实例的参数： { _id: '5cb420b6a7b8c50c7cb005a7' }
[2019-04-18T20:30:49.106] [INFO] default - 获取借阅列表的参数： { user: '5cadc7a6fc0e55294c70d611', state: '0' }
[2019-04-18T20:30:53.667] [INFO] default - 获取书籍实例的参数： { _id: '5cb420b6a7b8c50c7cb005a7' }
